
=== Subjects and their CURIE

Cell_set, <ArrowStringArray>
['-']
Length: 1, dtype: str
Cell_set_dataset, <ArrowStringArray>
['IAO:0000100']
Length: 1, dtype: str
Gene, <ArrowStringArray>
['SO:0000704']
Length: 1, dtype: str

=== Predicates and their CURIE

COMPOSED_PRIMARILY_OF, <ArrowStringArray>
['RO:0002473']
Length: 1, dtype: str
SOURCE, <ArrowStringArray>
['dc:source']
Length: 1, dtype: str
ASSOCIATED_WITH, <ArrowStringArray>
[]
Length: 0, dtype: str
EXPRESSES, <ArrowStringArray>
['RO:0002292']
Length: 1, dtype: str
HAS_CHARACTERIZING_MARKER_SET, <ArrowStringArray>
['RO:0015004']
Length: 1, dtype: str
IS_SPECIFIED_OUTPUT_OF, <ArrowStringArray>
['OBI:0000312']
Length: 1, dtype: str
PART_OF, <ArrowStringArray>
['BFO:0000050']
Length: 1, dtype: str
DERIVES_FROM, <ArrowStringArray>
['RO:0001000']
Length: 1, dtype: str

=== Objects and their CURIE

Gene, <ArrowStringArray>
['SO:0000704']
Length: 1, dtype: str
Assay, <ArrowStringArray>
['EFO:0002772 or EFO:0010183']
Length: 1, dtype: str
Publication, <ArrowStringArray>
['IAO:0000311']
Length: 1, dtype: str
Anatomical_structure, <ArrowStringArray>
['UBERON:0001062']
Length: 1, dtype: str
Disease, <ArrowStringArray>
['MONDO:0000001 or MONDO:0021178']
Length: 1, dtype: str
Biomarker_combination, <ArrowStringArray>
['SO:0001260']
Length: 1, dtype: str
Cell_type, <ArrowStringArray>
['CL:0000000']
Length: 1, dtype: str
Cell_set_dataset, <ArrowStringArray>
['IAO:0000100']
Length: 1, dtype: str

=== Types and their names

{'Anatomical_structure': {'brain', 'lung'},
 'Assay': {'single-cell RNA sequencing'},
 'Biomarker_combination': {'ABCB1+ACKR1+COL15A1',
                           'ACKR1',
                           'ALDH1A3+MIA+RARRES1',
                           'ANK1+GRIK1+KCNG2',
                           'AQP4+CRYAB',
                           'Abca3+Ager+Hopx+Lamp3+Sftpc',
                           'Abca3+Lamp3+Sftpc',
                           'Ager+Hopx',
                           'CALCA',
                           'CCL19+CCR7+LAD1',
                           'CDC20B+DEUP1+FOXN4',
                           'CNN1+FAM83D+MYH11',
                           'COX1+COX2+COX3',
                           'EDNRB',
                           'FAM83D',
                           'FOXI1',
                           'GFAP',
                           'ITGA2B+ITGB3',
                           'KLK11+SCGB3A2+SOX4',
                           'KRT19+NOTCH3+SERPINB4',
                           'LRMP',
                           'MUC5AC+MUC5B',
                           'NeuN'},
 'Cell_set': {'AEC',
              'AF1',
              'AF2',
              'AT1',
              'AT1/AT2 cell',
              'AT2',
              'AT2 cells',
              'AT2 proliferating',
              'Astro_1',
              'Astro_1 cells',
              'Astro_2',
              'Astro_2 cells',
              'Astro_3',
              'Astro_4',
              'Astro_5',
              'Astro_5 cells',
              'B',
              'B cell',
              'B cell lineage cells',
              'Betz cells',
              'CD4 + T',
              'CD4 T cells',
              'CD4+ T cells',
              'CD8 T cells',
              'CD8+ T cells',
              'Capillary endothelial cells',
              'Chandelier inhibitory neuron',
              'Ciliated cells',
              'DC',
              'DCs',
              'Deep layer (Non-IT) excitatory',
              'Deep layer astrocytes',
              'FAM83D+ smooth muscle',
              'FAM83D+ smooth muscle cells',
              'GABAergic interneuron',
              'GABAergic neurons',
              'ILC',
              'ILMs',
              'IPF macrophages',
              'IPF-specific alveolar fibroblast',
              'IT-projecting excitatory',
              'KRT5−KRT17+ epithelial',
              'Krt8+ transitional stem cell',
              'L2/3 IT',
              'L2/3 IT-type neurons',
              'L2/3 IT1 and 6',
              'L2/3 IT2',
              'L2/3 IT3',
              'L2/3 IT4',
              'L4 IT',
              'L4 IT neurons',
              'L4 IT-type neurons',
              'L4 IT1 and 3',
              'L4 IT5',
              'L4 IT_5',
              'L5 ET neurons',
              'L5 ET-projecting neuronal',
              'L5 ET_1',
              'L5 ET_3',
              'L5 IT neurons',
              'L5/6 NP',
              'L5/6 NP_3',
              'L5/6 NP_6',
              'L5/6 near-projecting neurons',
              'L6 IT Car3 neurons',
              'L6 IT neurons',
              'L6 corticothalamic-projecting (L6 CT) neurons',
              'L6B',
              'LAMCORE',
              'LAMCORE cell',
              'LAMCORE cells',
              'LAMP5',
              'LAMP5 LHX6 neurons',
              'LEC',
              'Layer 4 intratelencephalic excitatory neurons',
              'Lung Cell',
              'MDM subset',
              'MDM subset expressing inflammation and phagocytosis-associated '
              'genes',
              'MDM subset was dominated by IPF samples',
              'MEC',
              'MGE-derived GABAergic',
              'Matrix metalloproteinase (MMP)-19-deficient fibroblasts',
              'Meynert cells',
              'NK',
              'Neocortical L5 ET neurons',
              'Non-neuronal cells',
              'OPCs',
              'PAX6',
              'PNEC',
              'Peribronchial fibroblasts',
              'Pericyte',
              'Protoplasmic astrocytes',
              'SMG duct cells',
              'SMG mucous',
              'SMG myoepithelial cells',
              'SNCG',
              'SPP1+ profibrotic monocyte-derived macrophages',
              'SPP1/MERTK-expressing macrophages',
              'SST',
              'SST CHODL',
              'SST_10',
              'SST_4',
              'SVEC',
              'Somatostatin-expressing neurons',
              'Sox9 + /Id2+ distal epithelial progenitor cell',
              'T cell',
              'T cell lineage cells',
              'T regulatory [Treg] cells',
              'Th2 cell',
              'Tuft cells',
              'V1 L6 CT neurons',
              'VIP',
              'VLMCs',
              'VPA',
              'VPAs',
              'VSMC',
              'Venous endothelial cells',
              'aCAP',
              'aberrant cell',
              'adventitial fibroblasts',
              'aerocyte capillary endothelial cells',
              'airway epithelial cell',
              'alveolar fibroblasts',
              'alveolar macrophage',
              'alveolar macrophages',
              'alveolar type 0 cells',
              'arterial',
              'arterial endothelial cell',
              'astrocyte',
              'astrocytes',
              'basal',
              'basal cells',
              'basal resting',
              'basophils',
              'bronchial epithelial cells',
              'bronchial transient secretory cells',
              'bronchoalveolar immune cells',
              'cDC1',
              'cDC2',
              'cancer cells',
              'capillary endothelial cells in lung',
              'caudal ganglionic eminence (CGE)-derived interneurons',
              'chandelier cell',
              'chondrocytes',
              'ciliated',
              'ciliated cells',
              'club',
              'cortical cell',
              'cortical cells',
              'dendritic',
              'dendritic cell',
              'dendritic cells',
              'deuterosomal cells',
              'early and inflammatory MDM',
              'endoneurial nerve-associated fibroblasts',
              'endothelial',
              'endothelial cell',
              'endothelial cell aerocyte',
              'endothelial cell arterial (I)',
              'endothelial cell clusters',
              'endothelial cell general capillary (I)',
              'endothelial cell general capillary (II)',
              'endothelial cell general capillary (III)',
              'endothelial cell venous',
              'endothelial cell venous pulmonary',
              'endothelial cell venous systemic',
              'endothelial cells',
              'endothelial progenitor cells',
              'epithelial cell',
              'epithelial, stromal or lymphoid cells',
              'erythroblasts',
              'excitatory neuron',
              'excitatory projection neurons',
              'fibroblasts',
              'fibrous astrocytes',
              'glial',
              'goblet',
              'hematopoietic stem cells',
              'highly proliferative hillock-like epithelial cells',
              'hillock-like epithelial cells',
              'iMON',
              'immune',
              'immune cells',
              'immune-recruiting fibroblasts',
              'inhibitory neurons',
              'innate lymphoid cells',
              'innate lymphoid/natural killer cells',
              'interlaminar',
              'interneurons',
              'interstitial macrophages',
              'ionocyte',
              'ionocytes',
              'layer 4 excitatory neurons',
              'layer 5 extratelencephalic projecting (L5 ET) neurons',
              'leukocyte',
              'lung T cells',
              'lung goblet cells',
              'lung immune cell',
              'lung-resident cell',
              'lymphatic endothelial',
              'lymphatic endothelial cells',
              'lymphoid cell',
              'maDC',
              'macrophages',
              'mast',
              'mast cells',
              'mature dendritic cell subset',
              'medial ganglionic eminence (MGE)-derived PVALB neurons',
              'megakaryocyte',
              'megakaryocytes',
              'mesenchymal',
              'mesenchymal cell',
              'mesenchymal cells',
              'mesothelial cells',
              'microglia',
              'migratory DC',
              'migratory dendritic cell',
              'migratory dendritic cells',
              'monocyte',
              'monocyte-derived macrophage',
              'monocyte-derived macrophages',
              'monocytes',
              'mucosal-associated invariant T cells',
              'mucous',
              'multiciliated lineage',
              'multipotent secretory cell',
              'myelinating Schwann cells',
              'myoepithelial',
              'myofibroblasts',
              'naive CD4 T cells',
              'natural killer T cells',
              'natural killer cells',
              'nerve-associated fibroblasts',
              'neuroendocrine',
              'neuroendocrine cells',
              'neuronal',
              'neurons',
              'neutrophil cells',
              'neutrophils',
              'non-neuronal',
              'non-neuronal cells',
              'nonmyelinating Schwann cells',
              'nose T cells',
              'oligodendrocytes',
              'pDC',
              'pMON',
              'parenchymal T cells',
              'peribronchial fibroblasts',
              'pericytes',
              'perineurial nerve-associated fibroblasts',
              'pial',
              'plasma',
              'plasma cells',
              'platelets',
              'preterminal bronchiole secretory cells',
              'profibrotic SPP1+ monocyte-derived macrophages',
              'projection neurons',
              'proliferating (MKI67+) cells',
              'proliferative mesenchymal progenitor (PMP) cells',
              'protoplasmic',
              'pyramidal corticocortical projection neurons',
              'red blood cells',
              'regulatory T cells',
              'respiratory airway secretory cells',
              'respiratory epithelial progenitor cells',
              'secretory',
              'secretory cells',
              'serous',
              'smooth muscle',
              'smooth muscle FAM83D+',
              'smooth muscle FAM83D+ cells',
              'smooth muscle cells',
              'stellate',
              'stromal cells',
              'submucosal gland (SMG) duct cell',
              'submucosal secretory',
              'subpial ILMs',
              'subpleural fibroblast',
              'subset of MDMs',
              'suprabasal cells',
              'systemic venous endothelial',
              'systemic venous endothelial cell',
              'systemic venous endothelial cells',
              'thalamorecipient stellate neurons',
              'transitional club-AT2 cells',
              'tuft cell',
              'tuft cells',
              'tumor cells',
              'tumor infiltrating myeloid cells',
              'type 2 dendritic cells',
              'uterine myocytes',
              'varicose projection astrocytes',
              'vascular cells',
              'venous',
              'venous endothelial cells',
              'γδ T cells'},
 'Cell_set_dataset': {'NLP_dataset_37291214',
                      'NLP_dataset_37516747',
                      'NLP_dataset_37824655'},
 'Cell_type': {''},
 'Disease': {'COVID-19',
             'COVID-19 pneumonia',
             'IPF',
             'Lung adenocarcinoma',
             'asthma',
             'cancer',
             'chronic obstructive pulmonary disease',
             'died',
             'fibrosis',
             'lung carcinoma',
             'post-COVID-19 lung fibrosis'},
 'Gene': {'ABCB1',
          'ACKR1',
          'ADAMTS9-AS2',
          'ALDH1A3',
          'ANK1',
          'AQP4',
          'Abca3',
          'Ager',
          'C1QA',
          'CALCA',
          'CBLN2',
          'CCL18',
          'CCL19',
          'CCL2',
          'CCR7',
          'CD34',
          'CDC20B',
          'CDH7',
          'CHIT1',
          'CNN1',
          'CNTN5',
          'CNTN6',
          'COL15A1',
          'COL19',
          'COX1',
          'COX2',
          'COX3',
          'CRYAB',
          'Cldn4',
          'DCC',
          'DEUP1',
          'DGKB',
          'EDNRB',
          'EPHA6',
          'FAM83D',
          'FOXI1',
          'FOXN4',
          'Foxf1',
          'GFAP',
          'GRID2',
          'GRIK1',
          'Hopx',
          'IL18',
          'ITGA2B',
          'ITGB3',
          'KCNG2',
          'KCNT2',
          'KLK11',
          'KRT13',
          'KRT14',
          'KRT19',
          'KRT6A',
          'Kit',
          'Krt19',
          'Krt8',
          'LAD1',
          'LAMP5',
          'LHX6',
          'LPL',
          'LRMP',
          'Lamp3',
          'MARCO',
          'MCEMP1',
          'MIA',
          'MKI67',
          'MUC5AC',
          'MUC5B',
          'MYH11',
          'Myelin basic protein',
          'NOTCH3',
          'NPY2R',
          'NRP1',
          'NeuN',
          'PAX6',
          'PCP4',
          'PRSS57',
          'RARRES1',
          'SCGB3A1',
          'SCGB3A2',
          'SCN1B',
          'SEMA3D',
          'SEMA6A',
          'SERPINB4',
          'SFTPB',
          'SFTPC',
          'SNCG',
          'SOX4',
          'SPINK2',
          'SPP1',
          'STFPB',
          'STMN',
          'SYT6',
          'Sftpc',
          'TREM2',
          'VIP'},
 'Publication': {'An integrated cell atlas of the lung in health and disease',
                 'Guided construction of single cell reference for human and '
                 'mouse lung',
                 'Transcriptomic cytoarchitecture reveals principles of human '
                 'neocortex organization'}}

=== Types and their identifiers

{'Anatomical_structure': {'UBERON:0000955', 'UBERON:0002048'},
 'Assay': {'EFO:0008913'},
 'Biomarker_combination': {'NLP_Biomarker_combination_0',
                           'NLP_Biomarker_combination_1',
                           'NLP_Biomarker_combination_10',
                           'NLP_Biomarker_combination_11',
                           'NLP_Biomarker_combination_12',
                           'NLP_Biomarker_combination_13',
                           'NLP_Biomarker_combination_14',
                           'NLP_Biomarker_combination_15',
                           'NLP_Biomarker_combination_16',
                           'NLP_Biomarker_combination_17',
                           'NLP_Biomarker_combination_18',
                           'NLP_Biomarker_combination_19',
                           'NLP_Biomarker_combination_2',
                           'NLP_Biomarker_combination_20',
                           'NLP_Biomarker_combination_21',
                           'NLP_Biomarker_combination_22',
                           'NLP_Biomarker_combination_23',
                           'NLP_Biomarker_combination_24',
                           'NLP_Biomarker_combination_25',
                           'NLP_Biomarker_combination_26',
                           'NLP_Biomarker_combination_27',
                           'NLP_Biomarker_combination_3',
                           'NLP_Biomarker_combination_4',
                           'NLP_Biomarker_combination_5',
                           'NLP_Biomarker_combination_6',
                           'NLP_Biomarker_combination_7',
                           'NLP_Biomarker_combination_8',
                           'NLP_Biomarker_combination_9'},
 'Cell_set': {'37291214-<skos:related>CL:0000451',
              '37291214-AT2',
              '37291214-B_cell_lineage_cells',
              '37291214-CD4+_T_cells',
              '37291214-CD4_T_cells',
              '37291214-CL:0000037',
              '37291214-CL:0000057',
              '37291214-CL:0000066',
              '37291214-CL:0000084',
              '37291214-CL:0000097',
              '37291214-CL:0000115',
              '37291214-CL:0000138',
              '37291214-CL:0000151',
              '37291214-CL:0000158',
              '37291214-CL:0000160',
              '37291214-CL:0000165',
              '37291214-CL:0000186',
              '37291214-CL:0000218',
              '37291214-CL:0000232',
              '37291214-CL:0000235',
              '37291214-CL:0000236',
              '37291214-CL:0000451',
              '37291214-CL:0000499',
              '37291214-CL:0000546',
              '37291214-CL:0000556',
              '37291214-CL:0000576',
              '37291214-CL:0000583',
              '37291214-CL:0000623',
              '37291214-CL:0000646',
              '37291214-CL:0000738',
              '37291214-CL:0000765',
              '37291214-CL:0000775',
              '37291214-CL:0000784',
              '37291214-CL:0000786',
              '37291214-CL:0000794',
              '37291214-CL:0000798',
              '37291214-CL:0000815',
              '37291214-CL:0000895',
              '37291214-CL:0000940',
              '37291214-CL:0001056',
              '37291214-CL:0001061',
              '37291214-CL:0001063',
              '37291214-CL:0001064',
              '37291214-CL:0001065',
              '37291214-CL:0002062',
              '37291214-CL:0002063',
              '37291214-CL:0002075',
              '37291214-CL:0002138',
              '37291214-CL:0002144',
              '37291214-CL:0002328',
              '37291214-CL:0002368',
              '37291214-CL:0002543',
              '37291214-CL:0005006',
              '37291214-CL:0005012',
              '37291214-CL:0008019',
              '37291214-CL:1000272',
              '37291214-CL:1000413',
              '37291214-CL:2000093',
              '37291214-CL:4028001',
              '37291214-CL:4028003',
              '37291214-CL:4028004',
              '37291214-CL:4030023',
              '37291214-CL:4033022',
              '37291214-CL:4033043',
              '37291214-CL:4033045',
              '37291214-FAM83D+_smooth_muscle',
              '37291214-FAM83D+_smooth_muscle_cells',
              '37291214-IM',
              '37291214-IPF-specific_alveolar_fibroblast',
              '37291214-IPF_macrophages',
              '37291214-KRT5−KRT17+_epithelial',
              '37291214-Krt8+_transitional_stem_cell',
              '37291214-MDM_subset',
              '37291214-MDM_subset_expressing_inflammation_and_phagocytosis-associated_genes',
              '37291214-MDM_subset_was_dominated_by_IPF_samples',
              '37291214-Matrix_metalloproteinase_(MMP)-19-deficient_fibroblasts',
              '37291214-SPP1/MERTK-expressing_macrophages',
              '37291214-T_cell_lineage_cells',
              '37291214-at0',
              '37291214-basal_resting',
              '37291214-bronchial_transient_secretory_cells',
              '37291214-bronchoalveolar_immune_cells',
              '37291214-cd8_t',
              '37291214-early_and_inflammatory_MDM',
              '37291214-endoneurial_nerve-associated_fibroblasts',
              '37291214-endothelial_cell_aerocyte',
              '37291214-endothelial_cell_arterial_(I)',
              '37291214-endothelial_cell_clusters',
              '37291214-endothelial_cell_general_capillary_(I)',
              '37291214-endothelial_cell_general_capillary_(II)',
              '37291214-endothelial_cell_general_capillary_(III)',
              '37291214-endothelial_cell_venous',
              '37291214-endothelial_cell_venous_pulmonary',
              '37291214-endothelial_cell_venous_systemic',
              '37291214-epithelial,_stromal_or_lymphoid_cells',
              '37291214-highly_proliferative_hillock-like_epithelial_cells',
              '37291214-immune',
              '37291214-innate_lymphoid/natural_killer_cells',
              '37291214-irf',
              '37291214-ls',
              '37291214-lung_T_cells',
              '37291214-lymphoid_cell',
              '37291214-mdm',
              '37291214-multipotent_secretory_cell',
              '37291214-naf',
              '37291214-nsc',
              '37291214-parenchymal_T_cells',
              '37291214-pnaf',
              '37291214-proliferating_(MKI67+)_cells',
              '37291214-respiratory_epithelial_progenitor_cells',
              '37291214-smooth_muscle',
              '37291214-smooth_muscle_FAM83D+',
              '37291214-smooth_muscle_FAM83D+_cells',
              '37291214-smooth_muscle_cells',
              '37291214-spp1_mdm',
              '37291214-submucosal_secretory',
              '37291214-subset_of_MDMs',
              '37291214-tumor_infiltrating_myeloid_cells',
              '37291214-venous',
              '37291214-venous_endothelial_cells',
              '37516747-AT1/AT2_cell',
              '37516747-CL:0000082',
              '37516747-CL:0000084',
              '37516747-CL:0000097',
              '37516747-CL:0000138',
              '37516747-CL:0000233',
              '37516747-CL:0000235',
              '37516747-CL:0000236',
              '37516747-CL:0000359',
              '37516747-CL:0000451',
              '37516747-CL:0000576',
              '37516747-CL:0000583',
              '37516747-CL:0000623',
              '37516747-CL:0000624',
              '37516747-CL:0000625',
              '37516747-CL:0000669',
              '37516747-CL:0000767',
              '37516747-CL:0000775',
              '37516747-CL:0000784',
              '37516747-CL:0000786',
              '37516747-CL:0000815',
              '37516747-CL:0000860',
              '37516747-CL:0000875',
              '37516747-CL:0001065',
              '37516747-CL:0002062',
              '37516747-CL:0002063',
              '37516747-CL:0002075',
              '37516747-CL:0002138',
              '37516747-CL:0002368',
              '37516747-CL:0002370',
              '37516747-CL:0002601',
              '37516747-CL:0002619',
              '37516747-CL:0002633',
              '37516747-CL:0005006',
              '37516747-CL:0008019',
              '37516747-CL:0009086',
              '37516747-CL:0009089',
              '37516747-CL:0019002',
              '37516747-CL:0019019',
              '37516747-CL:1000143',
              '37516747-CL:1000223',
              '37516747-CL:1000272',
              '37516747-CL:1000492',
              '37516747-CL:1001567',
              '37516747-CL:1001568',
              '37516747-CL:2000093',
              '37516747-CL:4028003',
              '37516747-CL:4028004',
              '37516747-CL:4028006',
              '37516747-CL:4030034',
              '37516747-CL:4033008',
              '37516747-CL:4033016',
              '37516747-CL:4033018',
              '37516747-CL:4033037',
              '37516747-CL:4033043',
              '37516747-CL:4033044',
              '37516747-CL:4033048',
              '37516747-CL:4033080',
              '37516747-CL:4052029',
              '37516747-CL:4052030',
              '37516747-CL:4052031',
              '37516747-CL:4052048',
              '37516747-Ciliated_cells',
              '37516747-IM',
              '37516747-LAMCORE',
              '37516747-LAMCORE_cell',
              '37516747-LAMCORE_cells',
              '37516747-MEC',
              '37516747-SMG_duct_cells',
              '37516747-SMG_myoepithelial_cells',
              '37516747-SVEC',
              '37516747-Sox9_+_/Id2+_distal_epithelial_progenitor_cell',
              '37516747-cDC1',
              '37516747-cDC2',
              '37516747-ciliated_cells',
              '37516747-dendritic_cell',
              '37516747-ls',
              '37516747-maDC',
              '37516747-mature_dendritic_cell_subset',
              '37516747-mesenchymal',
              '37516747-mucous',
              '37516747-myoepithelial',
              '37516747-myofibroblasts',
              '37516747-proliferative_mesenchymal_progenitor_(PMP)_cells',
              '37516747-serous',
              '37516747-submucosal_gland_(SMG)_duct_cell',
              '37516747-systemic_venous_endothelial',
              '37516747-systemic_venous_endothelial_cell',
              '37516747-systemic_venous_endothelial_cells',
              '37824655-Astro_1',
              '37824655-Astro_1_cells',
              '37824655-Astro_2',
              '37824655-Astro_2_cells',
              '37824655-Astro_3',
              '37824655-Astro_4',
              '37824655-Astro_5',
              '37824655-Astro_5_cells',
              '37824655-CL:0000099',
              '37824655-CL:0000125',
              '37824655-CL:0000127',
              '37824655-CL:0000128',
              '37824655-CL:0000129',
              '37824655-CL:0000498',
              '37824655-CL:0000540',
              '37824655-CL:0000598',
              '37824655-CL:0000617',
              '37824655-CL:0002139',
              '37824655-CL:0002453',
              '37824655-CL:0008049',
              '37824655-CL:0010012',
              '37824655-CL:0011005',
              '37824655-CL:2000056',
              '37824655-CL:4023008',
              '37824655-CL:4023009',
              '37824655-CL:4023011',
              '37824655-CL:4023015',
              '37824655-CL:4023016',
              '37824655-CL:4023017',
              '37824655-CL:4023018',
              '37824655-CL:4023036',
              '37824655-CL:4023038',
              '37824655-CL:4023040',
              '37824655-CL:4023041',
              '37824655-CL:4023042',
              '37824655-CL:4023051',
              '37824655-CL:4023064',
              '37824655-CL:4023069',
              '37824655-CL:4023083',
              '37824655-CL:4023111',
              '37824655-CL:4023121',
              '37824655-CL:4030059',
              '37824655-CL:4030062',
              '37824655-CL:4030063',
              '37824655-CL:4030064',
              '37824655-CL:4030065',
              '37824655-CL:4030067',
              '37824655-CL:4030068',
              '37824655-CL:4042007',
              '37824655-CL:4042008',
              '37824655-CL:4042009',
              '37824655-CL:4042010',
              '37824655-CL:4042011',
              '37824655-CL:4042013',
              '37824655-CL:4042032',
              '37824655-Deep_layer_(Non-IT)_excitatory',
              '37824655-Deep_layer_astrocytes',
              '37824655-L2/3_IT1_and_6',
              '37824655-L2/3_IT2',
              '37824655-L2/3_IT3',
              '37824655-L2/3_IT4',
              '37824655-L4_IT',
              '37824655-L4_IT1_and_3',
              '37824655-L4_IT5',
              '37824655-L4_IT_5',
              '37824655-L5/6_NP_3',
              '37824655-L5/6_NP_6',
              '37824655-L5_ET_1',
              '37824655-L5_ET_3',
              '37824655-L6_IT_Car3_neurons',
              '37824655-Neocortical_L5_ET_neurons',
              '37824655-Non-neuronal_cells',
              '37824655-SST_10',
              '37824655-SST_4',
              '37824655-Somatostatin-expressing_neurons',
              '37824655-V1_L6_CT_neurons',
              '37824655-VPA',
              '37824655-VPAs',
              '37824655-astrocytes',
              '37824655-cortical_cells',
              '37824655-excitatory_neuron',
              '37824655-layer_4_excitatory_neurons',
              '37824655-layer_5_extratelencephalic_projecting_(L5_ET)_neurons',
              '37824655-neurons',
              '37824655-non-neuronal',
              '37824655-non-neuronal_cells',
              '37824655-protoplasmic',
              '37824655-stellate',
              '37824655-thalamorecipient_stellate_neurons',
              '37824655-varicose_projection_astrocytes',
              '37824655-vascular_cells'},
 'Cell_set_dataset': {'NLP_dataset_37291214',
                      'NLP_dataset_37516747',
                      'NLP_dataset_37824655'},
 'Cell_type': {'<skos:related>CL:0000451',
               'CL:0000037',
               'CL:0000057',
               'CL:0000064',
               'CL:0000066',
               'CL:0000068',
               'CL:0000082',
               'CL:0000084',
               'CL:0000097',
               'CL:0000099',
               'CL:0000115',
               'CL:0000122',
               'CL:0000125',
               'CL:0000127',
               'CL:0000128',
               'CL:0000129',
               'CL:0000138',
               'CL:0000151',
               'CL:0000158',
               'CL:0000160',
               'CL:0000165',
               'CL:0000185',
               'CL:0000186',
               'CL:0000192',
               'CL:0000218',
               'CL:0000232',
               'CL:0000233',
               'CL:0000235',
               'CL:0000236',
               'CL:0000319',
               'CL:0000359',
               'CL:0000451',
               'CL:0000498',
               'CL:0000499',
               'CL:0000540',
               'CL:0000546',
               'CL:0000556',
               'CL:0000576',
               'CL:0000583',
               'CL:0000598',
               'CL:0000617',
               'CL:0000623',
               'CL:0000624',
               'CL:0000625',
               'CL:0000646',
               'CL:0000669',
               'CL:0000679',
               'CL:0000738',
               'CL:0000765',
               'CL:0000767',
               'CL:0000775',
               'CL:0000784',
               'CL:0000786',
               'CL:0000794',
               'CL:0000798',
               'CL:0000815',
               'CL:0000860',
               'CL:0000875',
               'CL:0000895',
               'CL:0000940',
               'CL:0000990',
               'CL:0001056',
               'CL:0001061',
               'CL:0001063',
               'CL:0001064',
               'CL:0001065',
               'CL:0002062',
               'CL:0002063',
               'CL:0002075',
               'CL:0002138',
               'CL:0002139',
               'CL:0002144',
               'CL:0002319',
               'CL:0002328',
               'CL:0002368',
               'CL:0002370',
               'CL:0002453',
               'CL:0002543',
               'CL:0002601',
               'CL:0002619',
               'CL:0002633',
               'CL:0005006',
               'CL:0005012',
               'CL:0008019',
               'CL:0008049',
               'CL:0009086',
               'CL:0009089',
               'CL:0010012',
               'CL:0011005',
               'CL:0019001',
               'CL:0019002',
               'CL:0019019',
               'CL:1000143',
               'CL:1000223',
               'CL:1000272',
               'CL:1000413',
               'CL:1000492',
               'CL:1001567',
               'CL:1001568',
               'CL:2000056',
               'CL:2000093',
               'CL:4023008',
               'CL:4023009',
               'CL:4023011',
               'CL:4023015',
               'CL:4023016',
               'CL:4023017',
               'CL:4023018',
               'CL:4023036',
               'CL:4023038',
               'CL:4023040',
               'CL:4023041',
               'CL:4023042',
               'CL:4023051',
               'CL:4023064',
               'CL:4023069',
               'CL:4023083',
               'CL:4023111',
               'CL:4023121',
               'CL:4028001',
               'CL:4028003',
               'CL:4028004',
               'CL:4028006',
               'CL:4030023',
               'CL:4030034',
               'CL:4030059',
               'CL:4030062',
               'CL:4030063',
               'CL:4030064',
               'CL:4030065',
               'CL:4030067',
               'CL:4030068',
               'CL:4033008',
               'CL:4033016',
               'CL:4033018',
               'CL:4033022',
               'CL:4033037',
               'CL:4033043',
               'CL:4033044',
               'CL:4033045',
               'CL:4033048',
               'CL:4033080',
               'CL:4042007',
               'CL:4042008',
               'CL:4042009',
               'CL:4042010',
               'CL:4042011',
               'CL:4042013',
               'CL:4042032',
               'CL:4052029',
               'CL:4052030',
               'CL:4052031',
               'CL:4052048'},
 'Disease': {None,
             'MESH:D000077192',
             'MESH:D000086382',
             'MESH:D001249',
             'MESH:D003643',
             'MESH:D005355',
             'MESH:D008175',
             'MESH:D009369',
             'MESH:D029424',
             'MESH:D054990'},
 'Gene': {'1005',
          '100507098',
          '11012',
          '1118',
          '11596',
          '117156',
          '121643',
          '1236',
          '1264',
          '12740',
          '1306',
          '1410',
          '147381',
          '148281',
          '15227',
          '159989',
          '1607',
          '1630',
          '16590',
          '16669',
          '16691',
          '166979',
          '1910',
          '20389',
          '220',
          '223117',
          '24141',
          '2532',
          '26251',
          '26468',
          '2670',
          '27074',
          '27255',
          '27410',
          '285220',
          '286',
          '2895',
          '2897',
          '343450',
          '3606',
          '361',
          '3674',
          '3690',
          '3853',
          '3860',
          '3861',
          '3880',
          '3898',
          '400668',
          '4155',
          '4288',
          '4512',
          '4513',
          '4514',
          '4586',
          '4629',
          '4854',
          '4887',
          '5080',
          '5121',
          '5243',
          '52897',
          '53942',
          '54209',
          '57556',
          '5918',
          '6318',
          '6324',
          '6347',
          '6362',
          '6363',
          '6439',
          '6623',
          '6659',
          '6691',
          '6696',
          '712',
          '727897',
          '7432',
          '76161',
          '81610',
          '8190',
          '84525',
          '8685',
          '8829',
          '947',
          'CALCA',
          'COL19',
          'FOXI1',
          'LAD1',
          'LPL',
          'LRMP',
          'MCEMP1',
          'SCGB3A1',
          'SFTPC',
          'STFPB',
          'STMN'},
 'Publication': {'37824655', '37291214', '37516747'}}
