======================================================================
CellxGene Harvester - 0 Resolve Uberon
======================================================================
Started : 2026-02-19 21:12:03
Log file: data/uberon_kidney.log
Command : python /mnt/libraries/envs/cellxgene/bin/cellxgene-harvester resolve-uberon kidney


Resolving: 'kidney'
  Searching OLS4 for: 'kidney'
  Exact match: UBERON:0002113  kidney
  Root term: UBERON:0002113  kidney
  Found 294 descendants for UBERON:0002113
  [terms resolved for 'kidney']
    Before :        1 terms
    After  :      295 terms
    Removed:     -294 terms  (-29400.0%)
  [deduplication]
    Before :      295 terms
    After  :      295 terms
    Removed:        0 terms  (0.0%)

Saved JSON: data/uberon_kidney.json
Saved CSV : data/uberon_kidney.csv
Total terms: 295  (root + descendants)

======================================================================
Finished: 2026-02-19 21:12:07
Output  : data/uberon_kidney.csv
======================================================================
